DEBUG    test_slider_captcha:test_slider_captcha.py:25 🔵 ----- test_slider_captcha_handler -----
INFO     test_slider_captcha:test_slider_captcha.py:26 🟢 ----- test_slider_captcha_handler -----
DEBUG    test_slider_captcha:base.py:127 🔵 验证码已触发
DEBUG    test_slider_captcha:base.py:250 🔵 等待滑动验证码展示事件就绪信号
INFO     test_slider_captcha:base.py:252 🟢 开始处理滑块验证码...
DEBUG    mypy.lib.playwright.captcha.puzzle.qcloud:qcloud.py:61 🔵 无需刷新验证码
DEBUG    test_slider_captcha:base.py:266 🔵 等待验证码图片下载完成就绪信号
DEBUG    mypy.lib.playwright.captcha.puzzle.qcloud:qcloud.py:77 🔵 拦截到验证码请求，开始下载验证码
DEBUG    mypy.lib.playwright.captcha.puzzle.qcloud:qcloud.py:77 🔵 拦截到验证码请求，开始下载验证码
INFO     mypy.lib.playwright.captcha.puzzle.qcloud:qcloud.py:90 🟢 验证码图片保存成功
DEBUG    test_slider_captcha:base.py:269 🔵 图片呈现与实际比例为: 0.5191176470588236
DEBUG    test_slider_captcha:base.py:270 🔵 滑块拖动逻辑开始，当前尝试轮数: 1/20 次
WARNING  test_slider_captcha:base.py:193 🟠 没找到滑块坐标
ERROR    test_slider_captcha:base.py:275 🔴 滑块拖动失败，刷新验证码重试
Traceback (most recent call last):
  File "/home/runner/work/github-runner/github-runner/mypy/lib/playwright/captcha/puzzle/base.py", line 273, in handle
    await self._drag_to_breach()
  File "/home/runner/work/github-runner/github-runner/mypy/lib/playwright/captcha/puzzle/base.py", line 194, in _drag_to_breach
    raise Exception('没找到滑块坐标')
Exception: 没找到滑块坐标
DEBUG    mypy.lib.playwright.captcha.puzzle.qcloud:qcloud.py:61 🔵 无需刷新验证码
DEBUG    test_slider_captcha:base.py:266 🔵 等待验证码图片下载完成就绪信号
DEBUG    test_slider_captcha:base.py:269 🔵 图片呈现与实际比例为: 0.5191176470588236
DEBUG    test_slider_captcha:base.py:270 🔵 滑块拖动逻辑开始，当前尝试轮数: 2/20 次
WARNING  test_slider_captcha:base.py:193 🟠 没找到滑块坐标
ERROR    test_slider_captcha:base.py:275 🔴 滑块拖动失败，刷新验证码重试
Traceback (most recent call last):
  File "/home/runner/work/github-runner/github-runner/mypy/lib/playwright/captcha/puzzle/base.py", line 273, in handle
    await self._drag_to_breach()
  File "/home/runner/work/github-runner/github-runner/mypy/lib/playwright/captcha/puzzle/base.py", line 194, in _drag_to_breach
    raise Exception('没找到滑块坐标')
Exception: 没找到滑块坐标
DEBUG    mypy.lib.playwright.captcha.puzzle.qcloud:qcloud.py:61 🔵 无需刷新验证码
DEBUG    test_slider_captcha:base.py:266 🔵 等待验证码图片下载完成就绪信号
DEBUG    test_slider_captcha:base.py:269 🔵 图片呈现与实际比例为: 0.5191176470588236
DEBUG    test_slider_captcha:base.py:270 🔵 滑块拖动逻辑开始，当前尝试轮数: 3/20 次
WARNING  test_slider_captcha:base.py:193 🟠 没找到滑块坐标
ERROR    test_slider_captcha:base.py:275 🔴 滑块拖动失败，刷新验证码重试
Traceback (most recent call last):
  File "/home/runner/work/github-runner/github-runner/mypy/lib/playwright/captcha/puzzle/base.py", line 273, in handle
    await self._drag_to_breach()
  File "/home/runner/work/github-runner/github-runner/mypy/lib/playwright/captcha/puzzle/base.py", line 194, in _drag_to_breach
    raise Exception('没找到滑块坐标')
Exception: 没找到滑块坐标
DEBUG    mypy.lib.playwright.captcha.puzzle.qcloud:qcloud.py:61 🔵 无需刷新验证码
DEBUG    test_slider_captcha:base.py:266 🔵 等待验证码图片下载完成就绪信号
DEBUG    test_slider_captcha:base.py:269 🔵 图片呈现与实际比例为: 0.5191176470588236
DEBUG    test_slider_captcha:base.py:270 🔵 滑块拖动逻辑开始，当前尝试轮数: 4/20 次
WARNING  test_slider_captcha:base.py:193 🟠 没找到滑块坐标
ERROR    test_slider_captcha:base.py:275 🔴 滑块拖动失败，刷新验证码重试
Traceback (most recent call last):
  File "/home/runner/work/github-runner/github-runner/mypy/lib/playwright/captcha/puzzle/base.py", line 273, in handle
    await self._drag_to_breach()
  File "/home/runner/work/github-runner/github-runner/mypy/lib/playwright/captcha/puzzle/base.py", line 194, in _drag_to_breach
    raise Exception('没找到滑块坐标')
Exception: 没找到滑块坐标
DEBUG    mypy.lib.playwright.captcha.puzzle.qcloud:qcloud.py:61 🔵 无需刷新验证码
DEBUG    test_slider_captcha:base.py:266 🔵 等待验证码图片下载完成就绪信号
DEBUG    test_slider_captcha:base.py:269 🔵 图片呈现与实际比例为: 0.5191176470588236
DEBUG    test_slider_captcha:base.py:270 🔵 滑块拖动逻辑开始，当前尝试轮数: 5/20 次
WARNING  test_slider_captcha:base.py:193 🟠 没找到滑块坐标
ERROR    test_slider_captcha:base.py:275 🔴 滑块拖动失败，刷新验证码重试
Traceback (most recent call last):
  File "/home/runner/work/github-runner/github-runner/mypy/lib/playwright/captcha/puzzle/base.py", line 273, in handle
    await self._drag_to_breach()
  File "/home/runner/work/github-runner/github-runner/mypy/lib/playwright/captcha/puzzle/base.py", line 194, in _drag_to_breach
    raise Exception('没找到滑块坐标')
Exception: 没找到滑块坐标
DEBUG    mypy.lib.playwright.captcha.puzzle.qcloud:qcloud.py:61 🔵 无需刷新验证码
DEBUG    test_slider_captcha:base.py:266 🔵 等待验证码图片下载完成就绪信号
DEBUG    test_slider_captcha:base.py:269 🔵 图片呈现与实际比例为: 0.5191176470588236
DEBUG    test_slider_captcha:base.py:270 🔵 滑块拖动逻辑开始，当前尝试轮数: 6/20 次
WARNING  test_slider_captcha:base.py:193 🟠 没找到滑块坐标
ERROR    test_slider_captcha:base.py:275 🔴 滑块拖动失败，刷新验证码重试
Traceback (most recent call last):
  File "/home/runner/work/github-runner/github-runner/mypy/lib/playwright/captcha/puzzle/base.py", line 273, in handle
    await self._drag_to_breach()
  File "/home/runner/work/github-runner/github-runner/mypy/lib/playwright/captcha/puzzle/base.py", line 194, in _drag_to_breach
    raise Exception('没找到滑块坐标')
Exception: 没找到滑块坐标
DEBUG    mypy.lib.playwright.captcha.puzzle.qcloud:qcloud.py:61 🔵 无需刷新验证码
DEBUG    test_slider_captcha:base.py:266 🔵 等待验证码图片下载完成就绪信号
DEBUG    test_slider_captcha:base.py:269 🔵 图片呈现与实际比例为: 0.5191176470588236
DEBUG    test_slider_captcha:base.py:270 🔵 滑块拖动逻辑开始，当前尝试轮数: 7/20 次
WARNING  test_slider_captcha:base.py:193 🟠 没找到滑块坐标
ERROR    test_slider_captcha:base.py:275 🔴 滑块拖动失败，刷新验证码重试
Traceback (most recent call last):
  File "/home/runner/work/github-runner/github-runner/mypy/lib/playwright/captcha/puzzle/base.py", line 273, in handle
    await self._drag_to_breach()
  File "/home/runner/work/github-runner/github-runner/mypy/lib/playwright/captcha/puzzle/base.py", line 194, in _drag_to_breach
    raise Exception('没找到滑块坐标')
Exception: 没找到滑块坐标
DEBUG    mypy.lib.playwright.captcha.puzzle.qcloud:qcloud.py:61 🔵 无需刷新验证码
DEBUG    test_slider_captcha:base.py:266 🔵 等待验证码图片下载完成就绪信号
DEBUG    test_slider_captcha:base.py:269 🔵 图片呈现与实际比例为: 0.5191176470588236
DEBUG    test_slider_captcha:base.py:270 🔵 滑块拖动逻辑开始，当前尝试轮数: 8/20 次
WARNING  test_slider_captcha:base.py:193 🟠 没找到滑块坐标
ERROR    test_slider_captcha:base.py:275 🔴 滑块拖动失败，刷新验证码重试
Traceback (most recent call last):
  File "/home/runner/work/github-runner/github-runner/mypy/lib/playwright/captcha/puzzle/base.py", line 273, in handle
    await self._drag_to_breach()
  File "/home/runner/work/github-runner/github-runner/mypy/lib/playwright/captcha/puzzle/base.py", line 194, in _drag_to_breach
    raise Exception('没找到滑块坐标')
Exception: 没找到滑块坐标
DEBUG    mypy.lib.playwright.captcha.puzzle.qcloud:qcloud.py:61 🔵 无需刷新验证码
DEBUG    test_slider_captcha:base.py:266 🔵 等待验证码图片下载完成就绪信号
DEBUG    test_slider_captcha:base.py:269 🔵 图片呈现与实际比例为: 0.5191176470588236
DEBUG    test_slider_captcha:base.py:270 🔵 滑块拖动逻辑开始，当前尝试轮数: 9/20 次
WARNING  test_slider_captcha:base.py:193 🟠 没找到滑块坐标
ERROR    test_slider_captcha:base.py:275 🔴 滑块拖动失败，刷新验证码重试
Traceback (most recent call last):
  File "/home/runner/work/github-runner/github-runner/mypy/lib/playwright/captcha/puzzle/base.py", line 273, in handle
    await self._drag_to_breach()
  File "/home/runner/work/github-runner/github-runner/mypy/lib/playwright/captcha/puzzle/base.py", line 194, in _drag_to_breach
    raise Exception('没找到滑块坐标')
Exception: 没找到滑块坐标
DEBUG    mypy.lib.playwright.captcha.puzzle.qcloud:qcloud.py:61 🔵 无需刷新验证码
DEBUG    test_slider_captcha:base.py:266 🔵 等待验证码图片下载完成就绪信号
DEBUG    test_slider_captcha:base.py:269 🔵 图片呈现与实际比例为: 0.5191176470588236
DEBUG    test_slider_captcha:base.py:270 🔵 滑块拖动逻辑开始，当前尝试轮数: 10/20 次
WARNING  test_slider_captcha:base.py:193 🟠 没找到滑块坐标
ERROR    test_slider_captcha:base.py:275 🔴 滑块拖动失败，刷新验证码重试
Traceback (most recent call last):
  File "/home/runner/work/github-runner/github-runner/mypy/lib/playwright/captcha/puzzle/base.py", line 273, in handle
    await self._drag_to_breach()
  File "/home/runner/work/github-runner/github-runner/mypy/lib/playwright/captcha/puzzle/base.py", line 194, in _drag_to_breach
    raise Exception('没找到滑块坐标')
Exception: 没找到滑块坐标
DEBUG    mypy.lib.playwright.captcha.puzzle.qcloud:qcloud.py:61 🔵 无需刷新验证码
DEBUG    test_slider_captcha:base.py:266 🔵 等待验证码图片下载完成就绪信号
DEBUG    test_slider_captcha:base.py:269 🔵 图片呈现与实际比例为: 0.5191176470588236
DEBUG    test_slider_captcha:base.py:270 🔵 滑块拖动逻辑开始，当前尝试轮数: 11/20 次
WARNING  test_slider_captcha:base.py:193 🟠 没找到滑块坐标
ERROR    test_slider_captcha:base.py:275 🔴 滑块拖动失败，刷新验证码重试
Traceback (most recent call last):
  File "/home/runner/work/github-runner/github-runner/mypy/lib/playwright/captcha/puzzle/base.py", line 273, in handle
    await self._drag_to_breach()
  File "/home/runner/work/github-runner/github-runner/mypy/lib/playwright/captcha/puzzle/base.py", line 194, in _drag_to_breach
    raise Exception('没找到滑块坐标')
Exception: 没找到滑块坐标
DEBUG    mypy.lib.playwright.captcha.puzzle.qcloud:qcloud.py:61 🔵 无需刷新验证码
DEBUG    test_slider_captcha:base.py:266 🔵 等待验证码图片下载完成就绪信号
DEBUG    test_slider_captcha:base.py:269 🔵 图片呈现与实际比例为: 0.5191176470588236
DEBUG    test_slider_captcha:base.py:270 🔵 滑块拖动逻辑开始，当前尝试轮数: 12/20 次
WARNING  test_slider_captcha:base.py:193 🟠 没找到滑块坐标
ERROR    test_slider_captcha:base.py:275 🔴 滑块拖动失败，刷新验证码重试
Traceback (most recent call last):
  File "/home/runner/work/github-runner/github-runner/mypy/lib/playwright/captcha/puzzle/base.py", line 273, in handle
    await self._drag_to_breach()
  File "/home/runner/work/github-runner/github-runner/mypy/lib/playwright/captcha/puzzle/base.py", line 194, in _drag_to_breach
    raise Exception('没找到滑块坐标')
Exception: 没找到滑块坐标
DEBUG    mypy.lib.playwright.captcha.puzzle.qcloud:qcloud.py:61 🔵 无需刷新验证码
DEBUG    test_slider_captcha:base.py:266 🔵 等待验证码图片下载完成就绪信号
DEBUG    test_slider_captcha:base.py:269 🔵 图片呈现与实际比例为: 0.5191176470588236
DEBUG    test_slider_captcha:base.py:270 🔵 滑块拖动逻辑开始，当前尝试轮数: 13/20 次
WARNING  test_slider_captcha:base.py:193 🟠 没找到滑块坐标
ERROR    test_slider_captcha:base.py:275 🔴 滑块拖动失败，刷新验证码重试
Traceback (most recent call last):
  File "/home/runner/work/github-runner/github-runner/mypy/lib/playwright/captcha/puzzle/base.py", line 273, in handle
    await self._drag_to_breach()
  File "/home/runner/work/github-runner/github-runner/mypy/lib/playwright/captcha/puzzle/base.py", line 194, in _drag_to_breach
    raise Exception('没找到滑块坐标')
Exception: 没找到滑块坐标
DEBUG    mypy.lib.playwright.captcha.puzzle.qcloud:qcloud.py:61 🔵 无需刷新验证码
DEBUG    test_slider_captcha:base.py:266 🔵 等待验证码图片下载完成就绪信号
DEBUG    test_slider_captcha:base.py:269 🔵 图片呈现与实际比例为: 0.5191176470588236
DEBUG    test_slider_captcha:base.py:270 🔵 滑块拖动逻辑开始，当前尝试轮数: 14/20 次
WARNING  test_slider_captcha:base.py:193 🟠 没找到滑块坐标
ERROR    test_slider_captcha:base.py:275 🔴 滑块拖动失败，刷新验证码重试
Traceback (most recent call last):
  File "/home/runner/work/github-runner/github-runner/mypy/lib/playwright/captcha/puzzle/base.py", line 273, in handle
    await self._drag_to_breach()
  File "/home/runner/work/github-runner/github-runner/mypy/lib/playwright/captcha/puzzle/base.py", line 194, in _drag_to_breach
    raise Exception('没找到滑块坐标')
Exception: 没找到滑块坐标
DEBUG    mypy.lib.playwright.captcha.puzzle.qcloud:qcloud.py:61 🔵 无需刷新验证码
DEBUG    test_slider_captcha:base.py:266 🔵 等待验证码图片下载完成就绪信号
DEBUG    test_slider_captcha:base.py:269 🔵 图片呈现与实际比例为: 0.5191176470588236
DEBUG    test_slider_captcha:base.py:270 🔵 滑块拖动逻辑开始，当前尝试轮数: 15/20 次
WARNING  test_slider_captcha:base.py:193 🟠 没找到滑块坐标
ERROR    test_slider_captcha:base.py:275 🔴 滑块拖动失败，刷新验证码重试
Traceback (most recent call last):
  File "/home/runner/work/github-runner/github-runner/mypy/lib/playwright/captcha/puzzle/base.py", line 273, in handle
    await self._drag_to_breach()
  File "/home/runner/work/github-runner/github-runner/mypy/lib/playwright/captcha/puzzle/base.py", line 194, in _drag_to_breach
    raise Exception('没找到滑块坐标')
Exception: 没找到滑块坐标
DEBUG    mypy.lib.playwright.captcha.puzzle.qcloud:qcloud.py:61 🔵 无需刷新验证码
DEBUG    test_slider_captcha:base.py:266 🔵 等待验证码图片下载完成就绪信号
DEBUG    test_slider_captcha:base.py:269 🔵 图片呈现与实际比例为: 0.5191176470588236
DEBUG    test_slider_captcha:base.py:270 🔵 滑块拖动逻辑开始，当前尝试轮数: 16/20 次
WARNING  test_slider_captcha:base.py:193 🟠 没找到滑块坐标
ERROR    test_slider_captcha:base.py:275 🔴 滑块拖动失败，刷新验证码重试
Traceback (most recent call last):
  File "/home/runner/work/github-runner/github-runner/mypy/lib/playwright/captcha/puzzle/base.py", line 273, in handle
    await self._drag_to_breach()
  File "/home/runner/work/github-runner/github-runner/mypy/lib/playwright/captcha/puzzle/base.py", line 194, in _drag_to_breach
    raise Exception('没找到滑块坐标')
Exception: 没找到滑块坐标
DEBUG    mypy.lib.playwright.captcha.puzzle.qcloud:qcloud.py:61 🔵 无需刷新验证码
DEBUG    test_slider_captcha:base.py:266 🔵 等待验证码图片下载完成就绪信号
DEBUG    test_slider_captcha:base.py:269 🔵 图片呈现与实际比例为: 0.5191176470588236
DEBUG    test_slider_captcha:base.py:270 🔵 滑块拖动逻辑开始，当前尝试轮数: 17/20 次
WARNING  test_slider_captcha:base.py:193 🟠 没找到滑块坐标
ERROR    test_slider_captcha:base.py:275 🔴 滑块拖动失败，刷新验证码重试
Traceback (most recent call last):
  File "/home/runner/work/github-runner/github-runner/mypy/lib/playwright/captcha/puzzle/base.py", line 273, in handle
    await self._drag_to_breach()
  File "/home/runner/work/github-runner/github-runner/mypy/lib/playwright/captcha/puzzle/base.py", line 194, in _drag_to_breach
    raise Exception('没找到滑块坐标')
Exception: 没找到滑块坐标
DEBUG    mypy.lib.playwright.captcha.puzzle.qcloud:qcloud.py:61 🔵 无需刷新验证码
DEBUG    test_slider_captcha:base.py:266 🔵 等待验证码图片下载完成就绪信号
DEBUG    test_slider_captcha:base.py:269 🔵 图片呈现与实际比例为: 0.5191176470588236
DEBUG    test_slider_captcha:base.py:270 🔵 滑块拖动逻辑开始，当前尝试轮数: 18/20 次
WARNING  test_slider_captcha:base.py:193 🟠 没找到滑块坐标
ERROR    test_slider_captcha:base.py:275 🔴 滑块拖动失败，刷新验证码重试
Traceback (most recent call last):
  File "/home/runner/work/github-runner/github-runner/mypy/lib/playwright/captcha/puzzle/base.py", line 273, in handle
    await self._drag_to_breach()
  File "/home/runner/work/github-runner/github-runner/mypy/lib/playwright/captcha/puzzle/base.py", line 194, in _drag_to_breach
    raise Exception('没找到滑块坐标')
Exception: 没找到滑块坐标
DEBUG    mypy.lib.playwright.captcha.puzzle.qcloud:qcloud.py:61 🔵 无需刷新验证码
DEBUG    test_slider_captcha:base.py:266 🔵 等待验证码图片下载完成就绪信号
DEBUG    test_slider_captcha:base.py:269 🔵 图片呈现与实际比例为: 0.5191176470588236
DEBUG    test_slider_captcha:base.py:270 🔵 滑块拖动逻辑开始，当前尝试轮数: 19/20 次
WARNING  test_slider_captcha:base.py:193 🟠 没找到滑块坐标
ERROR    test_slider_captcha:base.py:275 🔴 滑块拖动失败，刷新验证码重试
Traceback (most recent call last):
  File "/home/runner/work/github-runner/github-runner/mypy/lib/playwright/captcha/puzzle/base.py", line 273, in handle
    await self._drag_to_breach()
  File "/home/runner/work/github-runner/github-runner/mypy/lib/playwright/captcha/puzzle/base.py", line 194, in _drag_to_breach
    raise Exception('没找到滑块坐标')
Exception: 没找到滑块坐标
DEBUG    mypy.lib.playwright.captcha.puzzle.qcloud:qcloud.py:61 🔵 无需刷新验证码
DEBUG    test_slider_captcha:base.py:266 🔵 等待验证码图片下载完成就绪信号
DEBUG    test_slider_captcha:base.py:269 🔵 图片呈现与实际比例为: 0.5191176470588236
DEBUG    test_slider_captcha:base.py:270 🔵 滑块拖动逻辑开始，当前尝试轮数: 20/20 次
WARNING  test_slider_captcha:base.py:193 🟠 没找到滑块坐标
ERROR    test_slider_captcha:base.py:275 🔴 滑块拖动失败，刷新验证码重试
Traceback (most recent call last):
  File "/home/runner/work/github-runner/github-runner/mypy/lib/playwright/captcha/puzzle/base.py", line 273, in handle
    await self._drag_to_breach()
  File "/home/runner/work/github-runner/github-runner/mypy/lib/playwright/captcha/puzzle/base.py", line 194, in _drag_to_breach
    raise Exception('没找到滑块坐标')
Exception: 没找到滑块坐标
DEBUG    mypy.lib.playwright.captcha.puzzle.qcloud:qcloud.py:61 🔵 无需刷新验证码