DEBUG    test_slider_captcha:test_slider_captcha.py:25 🔵 ----- test_slider_captcha_handler -----
INFO     test_slider_captcha:test_slider_captcha.py:26 🟢 ----- test_slider_captcha_handler -----
DEBUG    test_slider_captcha:base.py:127 🔵 验证码已触发
DEBUG    test_slider_captcha:base.py:250 🔵 等待滑动验证码展示事件就绪信号
INFO     test_slider_captcha:base.py:252 🟢 开始处理滑块验证码...
DEBUG    mypy.lib.playwright.captcha.puzzle.qcloud:qcloud.py:61 🔵 无需刷新验证码
DEBUG    test_slider_captcha:base.py:266 🔵 等待验证码图片下载完成就绪信号
DEBUG    mypy.lib.playwright.captcha.puzzle.qcloud:qcloud.py:77 🔵 拦截到验证码请求，开始下载验证码
DEBUG    mypy.lib.playwright.captcha.puzzle.qcloud:qcloud.py:77 🔵 拦截到验证码请求，开始下载验证码
INFO     mypy.lib.playwright.captcha.puzzle.qcloud:qcloud.py:90 🟢 验证码图片保存成功
DEBUG    test_slider_captcha:base.py:269 🔵 图片呈现与实际比例为: 0.5191176470588236
DEBUG    test_slider_captcha:base.py:270 🔵 滑块拖动逻辑开始，当前尝试轮数: 1/20 次
WARNING  test_slider_captcha:base.py:193 🟠 没找到滑块坐标
ERROR    test_slider_captcha:base.py:275 🔴 滑块拖动失败，刷新验证码重试
Traceback (most recent call last):
  File "/home/runner/work/github-runner/github-runner/mypy/lib/playwright/captcha/puzzle/base.py", line 273, in handle
    await self._drag_to_breach()
  File "/home/runner/work/github-runner/github-runner/mypy/lib/playwright/captcha/puzzle/base.py", line 194, in _drag_to_breach
    raise Exception('没找到滑块坐标')
Exception: 没找到滑块坐标
DEBUG    mypy.lib.playwright.captcha.puzzle.qcloud:qcloud.py:61 🔵 无需刷新验证码
DEBUG    test_slider_captcha:base.py:266 🔵 等待验证码图片下载完成就绪信号
DEBUG    test_slider_captcha:base.py:269 🔵 图片呈现与实际比例为: 0.5191176470588236
DEBUG    test_slider_captcha:base.py:270 🔵 滑块拖动逻辑开始，当前尝试轮数: 2/20 次
WARNING  test_slider_captcha:base.py:193 🟠 没找到滑块坐标
ERROR    test_slider_captcha:base.py:275 🔴 滑块拖动失败，刷新验证码重试
Traceback (most recent call last):
  File "/home/runner/work/github-runner/github-runner/mypy/lib/playwright/captcha/puzzle/base.py", line 273, in handle
    await self._drag_to_breach()
  File "/home/runner/work/github-runner/github-runner/mypy/lib/playwright/captcha/puzzle/base.py", line 194, in _drag_to_breach
    raise Exception('没找到滑块坐标')
Exception: 没找到滑块坐标
DEBUG    mypy.lib.playwright.captcha.puzzle.qcloud:qcloud.py:61 🔵 无需刷新验证码
DEBUG    test_slider_captcha:base.py:266 🔵 等待验证码图片下载完成就绪信号
DEBUG    test_slider_captcha:base.py:269 🔵 图片呈现与实际比例为: 0.5191176470588236
DEBUG    test_slider_captcha:base.py:270 🔵 滑块拖动逻辑开始，当前尝试轮数: 3/20 次
WARNING  test_slider_captcha:base.py:193 🟠 没找到滑块坐标
ERROR    test_slider_captcha:base.py:275 🔴 滑块拖动失败，刷新验证码重试
Traceback (most recent call last):
  File "/home/runner/work/github-runner/github-runner/mypy/lib/playwright/captcha/puzzle/base.py", line 273, in handle
    await self._drag_to_breach()
  File "/home/runner/work/github-runner/github-runner/mypy/lib/playwright/captcha/puzzle/base.py", line 194, in _drag_to_breach
    raise Exception('没找到滑块坐标')
Exception: 没找到滑块坐标
DEBUG    mypy.lib.playwright.captcha.puzzle.qcloud:qcloud.py:61 🔵 无需刷新验证码
DEBUG    test_slider_captcha:base.py:266 🔵 等待验证码图片下载完成就绪信号
DEBUG    test_slider_captcha:base.py:269 🔵 图片呈现与实际比例为: 0.5191176470588236
DEBUG    test_slider_captcha:base.py:270 🔵 滑块拖动逻辑开始，当前尝试轮数: 4/20 次
WARNING  test_slider_captcha:base.py:193 🟠 没找到滑块坐标
ERROR    test_slider_captcha:base.py:275 🔴 滑块拖动失败，刷新验证码重试
Traceback (most recent call last):
  File "/home/runner/work/github-runner/github-runner/mypy/lib/playwright/captcha/puzzle/base.py", line 273, in handle
    await self._drag_to_breach()
  File "/home/runner/work/github-runner/github-runner/mypy/lib/playwright/captcha/puzzle/base.py", line 194, in _drag_to_breach
    raise Exception('没找到滑块坐标')
Exception: 没找到滑块坐标
DEBUG    mypy.lib.playwright.captcha.puzzle.qcloud:qcloud.py:61 🔵 无需刷新验证码
DEBUG    test_slider_captcha:base.py:266 🔵 等待验证码图片下载完成就绪信号
DEBUG    test_slider_captcha:base.py:269 🔵 图片呈现与实际比例为: 0.5191176470588236
DEBUG    test_slider_captcha:base.py:270 🔵 滑块拖动逻辑开始，当前尝试轮数: 5/20 次
WARNING  test_slider_captcha:base.py:193 🟠 没找到滑块坐标
ERROR    test_slider_captcha:base.py:275 🔴 滑块拖动失败，刷新验证码重试
Traceback (most recent call last):
  File "/home/runner/work/github-runner/github-runner/mypy/lib/playwright/captcha/puzzle/base.py", line 273, in handle
    await self._drag_to_breach()
  File "/home/runner/work/github-runner/github-runner/mypy/lib/playwright/captcha/puzzle/base.py", line 194, in _drag_to_breach
    raise Exception('没找到滑块坐标')
Exception: 没找到滑块坐标
DEBUG    mypy.lib.playwright.captcha.puzzle.qcloud:qcloud.py:61 🔵 无需刷新验证码
DEBUG    test_slider_captcha:base.py:266 🔵 等待验证码图片下载完成就绪信号
DEBUG    test_slider_captcha:base.py:269 🔵 图片呈现与实际比例为: 0.5191176470588236
DEBUG    test_slider_captcha:base.py:270 🔵 滑块拖动逻辑开始，当前尝试轮数: 6/20 次
WARNING  test_slider_captcha:base.py:193 🟠 没找到滑块坐标
ERROR    test_slider_captcha:base.py:275 🔴 滑块拖动失败，刷新验证码重试
Traceback (most recent call last):
  File "/home/runner/work/github-runner/github-runner/mypy/lib/playwright/captcha/puzzle/base.py", line 273, in handle
    await self._drag_to_breach()
  File "/home/runner/work/github-runner/github-runner/mypy/lib/playwright/captcha/puzzle/base.py", line 194, in _drag_to_breach
    raise Exception('没找到滑块坐标')
Exception: 没找到滑块坐标
DEBUG    mypy.lib.playwright.captcha.puzzle.qcloud:qcloud.py:61 🔵 无需刷新验证码
DEBUG    test_slider_captcha:base.py:266 🔵 等待验证码图片下载完成就绪信号
DEBUG    test_slider_captcha:base.py:269 🔵 图片呈现与实际比例为: 0.5191176470588236
DEBUG    test_slider_captcha:base.py:270 🔵 滑块拖动逻辑开始，当前尝试轮数: 7/20 次
WARNING  test_slider_captcha:base.py:193 🟠 没找到滑块坐标
ERROR    test_slider_captcha:base.py:275 🔴 滑块拖动失败，刷新验证码重试
Traceback (most recent call last):
  File "/home/runner/work/github-runner/github-runner/mypy/lib/playwright/captcha/puzzle/base.py", line 273, in handle
    await self._drag_to_breach()
  File "/home/runner/work/github-runner/github-runner/mypy/lib/playwright/captcha/puzzle/base.py", line 194, in _drag_to_breach
    raise Exception('没找到滑块坐标')
Exception: 没找到滑块坐标
DEBUG    mypy.lib.playwright.captcha.puzzle.qcloud:qcloud.py:61 🔵 无需刷新验证码
DEBUG    test_slider_captcha:base.py:266 🔵 等待验证码图片下载完成就绪信号
DEBUG    test_slider_captcha:base.py:269 🔵 图片呈现与实际比例为: 0.5191176470588236
DEBUG    test_slider_captcha:base.py:270 🔵 滑块拖动逻辑开始，当前尝试轮数: 8/20 次
WARNING  test_slider_captcha:base.py:193 🟠 没找到滑块坐标
ERROR    test_slider_captcha:base.py:275 🔴 滑块拖动失败，刷新验证码重试
Traceback (most recent call last):
  File "/home/runner/work/github-runner/github-runner/mypy/lib/playwright/captcha/puzzle/base.py", line 273, in handle
    await self._drag_to_breach()
  File "/home/runner/work/github-runner/github-runner/mypy/lib/playwright/captcha/puzzle/base.py", line 194, in _drag_to_breach
    raise Exception('没找到滑块坐标')
Exception: 没找到滑块坐标
DEBUG    mypy.lib.playwright.captcha.puzzle.qcloud:qcloud.py:61 🔵 无需刷新验证码
DEBUG    test_slider_captcha:base.py:266 🔵 等待验证码图片下载完成就绪信号
DEBUG    test_slider_captcha:base.py:269 🔵 图片呈现与实际比例为: 0.5191176470588236
DEBUG    test_slider_captcha:base.py:270 🔵 滑块拖动逻辑开始，当前尝试轮数: 9/20 次
WARNING  test_slider_captcha:base.py:193 🟠 没找到滑块坐标
ERROR    test_slider_captcha:base.py:275 🔴 滑块拖动失败，刷新验证码重试
Traceback (most recent call last):
  File "/home/runner/work/github-runner/github-runner/mypy/lib/playwright/captcha/puzzle/base.py", line 273, in handle
    await self._drag_to_breach()
  File "/home/runner/work/github-runner/github-runner/mypy/lib/playwright/captcha/puzzle/base.py", line 194, in _drag_to_breach
    raise Exception('没找到滑块坐标')
Exception: 没找到滑块坐标
DEBUG    mypy.lib.playwright.captcha.puzzle.qcloud:qcloud.py:61 🔵 无需刷新验证码
DEBUG    test_slider_captcha:base.py:266 🔵 等待验证码图片下载完成就绪信号
DEBUG    test_slider_captcha:base.py:269 🔵 图片呈现与实际比例为: 0.5191176470588236
DEBUG    test_slider_captcha:base.py:270 🔵 滑块拖动逻辑开始，当前尝试轮数: 10/20 次
WARNING  test_slider_captcha:base.py:193 🟠 没找到滑块坐标
ERROR    test_slider_captcha:base.py:275 🔴 滑块拖动失败，刷新验证码重试
Traceback (most recent call last):
  File "/home/runner/work/github-runner/github-runner/mypy/lib/playwright/captcha/puzzle/base.py", line 273, in handle
    await self._drag_to_breach()
  File "/home/runner/work/github-runner/github-runner/mypy/lib/playwright/captcha/puzzle/base.py", line 194, in _drag_to_breach
    raise Exception('没找到滑块坐标')
Exception: 没找到滑块坐标
DEBUG    mypy.lib.playwright.captcha.puzzle.qcloud:qcloud.py:61 🔵 无需刷新验证码
DEBUG    test_slider_captcha:base.py:266 🔵 等待验证码图片下载完成就绪信号
DEBUG    test_slider_captcha:base.py:269 🔵 图片呈现与实际比例为: 0.5191176470588236
DEBUG    test_slider_captcha:base.py:270 🔵 滑块拖动逻辑开始，当前尝试轮数: 11/20 次
WARNING  test_slider_captcha:base.py:193 🟠 没找到滑块坐标
ERROR    test_slider_captcha:base.py:275 🔴 滑块拖动失败，刷新验证码重试
Traceback (most recent call last):
  File "/home/runner/work/github-runner/github-runner/mypy/lib/playwright/captcha/puzzle/base.py", line 273, in handle
    await self._drag_to_breach()
  File "/home/runner/work/github-runner/github-runner/mypy/lib/playwright/captcha/puzzle/base.py", line 194, in _drag_to_breach
    raise Exception('没找到滑块坐标')
Exception: 没找到滑块坐标
DEBUG    mypy.lib.playwright.captcha.puzzle.qcloud:qcloud.py:61 🔵 无需刷新验证码
DEBUG    test_slider_captcha:base.py:266 🔵 等待验证码图片下载完成就绪信号
DEBUG    test_slider_captcha:base.py:269 🔵 图片呈现与实际比例为: 0.5191176470588236
DEBUG    test_slider_captcha:base.py:270 🔵 滑块拖动逻辑开始，当前尝试轮数: 12/20 次
WARNING  test_slider_captcha:base.py:193 🟠 没找到滑块坐标
ERROR    test_slider_captcha:base.py:275 🔴 滑块拖动失败，刷新验证码重试
Traceback (most recent call last):
  File "/home/runner/work/github-runner/github-runner/mypy/lib/playwright/captcha/puzzle/base.py", line 273, in handle
    await self._drag_to_breach()
  File "/home/runner/work/github-runner/github-runner/mypy/lib/playwright/captcha/puzzle/base.py", line 194, in _drag_to_breach
    raise Exception('没找到滑块坐标')
Exception: 没找到滑块坐标
DEBUG    mypy.lib.playwright.captcha.puzzle.qcloud:qcloud.py:61 🔵 无需刷新验证码
DEBUG    test_slider_captcha:base.py:266 🔵 等待验证码图片下载完成就绪信号
DEBUG    test_slider_captcha:base.py:269 🔵 图片呈现与实际比例为: 0.5191176470588236
DEBUG    test_slider_captcha:base.py:270 🔵 滑块拖动逻辑开始，当前尝试轮数: 13/20 次
DEBUG    test_slider_captcha:base.py:197 🔵 点击拖动缺口滑块
DEBUG    test_slider_captcha:captcha_img_handler.py:126 🔵 计算验证码缺口距离
DEBUG    test_slider_captcha:captcha_img_handler.py:90 🔵 开始获取验证码缺口坐标
DEBUG    test_slider_captcha:captcha_img_handler.py:30 🔵 开始对验证码背景图片进行预处理
DEBUG    test_slider_captcha:captcha_img_handler.py:152 🔵 获取到缺口距离: 494
DEBUG    test_slider_captcha:base.py:266 🔵 等待验证码图片下载完成就绪信号
DEBUG    test_slider_captcha:base.py:269 🔵 图片呈现与实际比例为: 0.5191176470588236
DEBUG    test_slider_captcha:base.py:270 🔵 滑块拖动逻辑开始，当前尝试轮数: 14/20 次
DEBUG    test_slider_captcha:base.py:197 🔵 点击拖动缺口滑块
DEBUG    test_slider_captcha:captcha_img_handler.py:126 🔵 计算验证码缺口距离
DEBUG    test_slider_captcha:captcha_img_handler.py:90 🔵 开始获取验证码缺口坐标
DEBUG    test_slider_captcha:captcha_img_handler.py:30 🔵 开始对验证码背景图片进行预处理
DEBUG    test_slider_captcha:captcha_img_handler.py:152 🔵 获取到缺口距离: 494
DEBUG    test_slider_captcha:base.py:266 🔵 等待验证码图片下载完成就绪信号
DEBUG    test_slider_captcha:base.py:269 🔵 图片呈现与实际比例为: 0.5191176470588236
DEBUG    test_slider_captcha:base.py:270 🔵 滑块拖动逻辑开始，当前尝试轮数: 15/20 次
DEBUG    test_slider_captcha:base.py:144 🔵 判断验证码验证结果
DEBUG    test_slider_captcha:base.py:197 🔵 点击拖动缺口滑块
DEBUG    test_slider_captcha:captcha_img_handler.py:126 🔵 计算验证码缺口距离
DEBUG    test_slider_captcha:captcha_img_handler.py:90 🔵 开始获取验证码缺口坐标
DEBUG    test_slider_captcha:captcha_img_handler.py:30 🔵 开始对验证码背景图片进行预处理
DEBUG    test_slider_captcha:captcha_img_handler.py:152 🔵 获取到缺口距离: 494
DEBUG    test_slider_captcha:base.py:149 🔵 验证请求的响应: {'errorCode': '50', 'randstr': '', 'ticket': '', 'traceId': '', 'errMessage': '', 'sess': 's08KoNJvZLwh1mdi-WHslAg79SBP8oES-XT8jfJvHxSli2bYRyhFoNwfltLbUttXtFX1A8CvkLK7FnyrIzmKLZjJ8d8Xt6aNYBVe2FXgPpYUEEqALv0JdKTb-jFWJvRtRA6qBqGPWoEY1LXO83PY3ARRPcbJ85Mlhh60sOUPjKgC1kd4LgVsIAIcNd0ytv7wpBU8L0tXsXDiA8F3AbpKmDubBJb7M2_XhOpHpsL-fwsV8AANm1d8yhkxrzsuiWTPHaVJsconnOpcBI4Uo7VwjarD6fc0VerIND4ucMaMmHyVoHGuSj3edV6GZSk4FqLl8NwS96_6ud9kU*'}
WARNING  test_slider_captcha:base.py:154 🟠 验证失败，刷新验证码重新验证
DEBUG    mypy.lib.playwright.captcha.puzzle.qcloud:qcloud.py:61 🔵 无需刷新验证码
DEBUG    test_slider_captcha:base.py:266 🔵 等待验证码图片下载完成就绪信号
DEBUG    test_slider_captcha:base.py:269 🔵 图片呈现与实际比例为: 0.5191176470588236
DEBUG    test_slider_captcha:base.py:270 🔵 滑块拖动逻辑开始，当前尝试轮数: 16/20 次
DEBUG    test_slider_captcha:base.py:197 🔵 点击拖动缺口滑块
DEBUG    test_slider_captcha:captcha_img_handler.py:126 🔵 计算验证码缺口距离
DEBUG    test_slider_captcha:captcha_img_handler.py:90 🔵 开始获取验证码缺口坐标
DEBUG    test_slider_captcha:captcha_img_handler.py:30 🔵 开始对验证码背景图片进行预处理
DEBUG    test_slider_captcha:captcha_img_handler.py:152 🔵 获取到缺口距离: 494
DEBUG    test_slider_captcha:base.py:266 🔵 等待验证码图片下载完成就绪信号
DEBUG    test_slider_captcha:base.py:269 🔵 图片呈现与实际比例为: 0.5191176470588236
DEBUG    test_slider_captcha:base.py:270 🔵 滑块拖动逻辑开始，当前尝试轮数: 17/20 次
DEBUG    test_slider_captcha:base.py:144 🔵 判断验证码验证结果
DEBUG    test_slider_captcha:base.py:197 🔵 点击拖动缺口滑块
DEBUG    test_slider_captcha:captcha_img_handler.py:126 🔵 计算验证码缺口距离
DEBUG    test_slider_captcha:captcha_img_handler.py:90 🔵 开始获取验证码缺口坐标
DEBUG    test_slider_captcha:captcha_img_handler.py:30 🔵 开始对验证码背景图片进行预处理
DEBUG    test_slider_captcha:captcha_img_handler.py:152 🔵 获取到缺口距离: 494
DEBUG    test_slider_captcha:base.py:149 🔵 验证请求的响应: {'errorCode': '0', 'randstr': '@Bi3', 'ticket': 'tr03WHyEXnr69_0qbPo1VhEHAGC6RDA_C7ZVbLsn5f4L2F2Z0tKCybr9_L3hssVxy5rbwVOz36hwwb00x3Ip8tr55mjJF03ImmVBbsOzOIoduVaxt_Cc3YHDARWNCzjbNEp1', 'traceId': '', 'errMessage': '', 'sess': ''}
INFO     test_slider_captcha:base.py:151 🟢 ---------- 验证码验证通过 ----------
INFO     test_slider_captcha:base.py:232 🟢 清理掉所有的等待事件
DEBUG    test_slider_captcha:base.py:88 🔵 取消 is_captcha_showed 等待事件
DEBUG    test_slider_captcha:base.py:88 🔵 取消 is_captcha_downloaded 等待事件
DEBUG    test_slider_captcha:base.py:240 🔵 删除验证码图片文件夹: /home/runner/work/github-runner/github-runner/_out/captcha_save_dir
DEBUG    test_slider_captcha:base.py:264 🔵 验证码已经验证通过，退出循环